make all --print-data-base --no-builtin-variables --no-builtin-rules --question
make: *** No rule to make target 'all'.  Stop.

# GNU Make 4.3
# Built for x86_64-pc-linux-gnu
# Copyright (C) 1988-2020 Free Software Foundation, Inc.
# License GPLv3+: GNU GPL version 3 or later <http://gnu.org/licenses/gpl.html>
# This is free software: you are free to change and redistribute it.
# There is NO WARRANTY, to the extent permitted by law.

# Make data base, printed on Mon Aug  8 18:48:29 2022

# Variables

# makefile (from 'Makefile', line 344)
WEBSUB := https://6828.scripts.mit.edu/2021/handin.py
# environment
GDK_BACKEND = x11
# makefile (from 'Makefile', line 84)
AS = $(TOOLPREFIX)gas
# environment
LC_ALL = C
# environment
GNOME_SHELL_SESSION_MODE = ubuntu
# environment
SSH_AGENT_LAUNCHER = gnome-keyring
# makefile (from 'Makefile', line 93)
XCFLAGS = -DSOL_$(LABUPPER) -DLAB_$(LABUPPER)
# makefile (from 'Makefile', line 280)
QEMUGDB = $(shell if $(QEMU) -help | grep -q '^-gdb'; then echo "-gdb tcp::$(GDBPORT)"; else echo "-s -p $(GDBPORT)"; fi)
# makefile (from 'Makefile', line 142)
ULIB = $U/ulib.o $U/usys.o $U/printf.o $U/umalloc.o
# environment
GJS_DEBUG_OUTPUT = stderr
# makefile (from 'Makefile', line 278)
GDBPORT = $(shell expr `id -u` % 5000 + 25000)
# environment
LC_NAME = ko_KR.UTF-8
# environment
LC_NUMERIC = ko_KR.UTF-8
# environment
VSCODE_CWD = /home/byeonghyeon
# environment
LC_ADDRESS = ko_KR.UTF-8
# default
MAKE_COMMAND := make
# environment
QT_ACCESSIBILITY = 1
# automatic
@D = $(patsubst %/,%,$(dir $@))
# makefile (from 'Makefile', line 8)
K = kernel
# environment
VSCODE_HANDLES_UNCAUGHT_ERRORS = true
# default
.VARIABLES := 
# environment
PWD = /home/byeonghyeon/xv6-labs-2021
# automatic
%D = $(patsubst %/,%,$(dir $%))
# makefile (from 'conf/lab.mk', line 1)
LAB = pgtbl
# environment
XDG_DATA_DIRS = /usr/share/ubuntu:/usr/local/share/:/usr/share/:/var/lib/snapd/desktop
# automatic
^D = $(patsubst %/,%,$(dir $^))
# automatic
%F = $(notdir $%)
# environment
VSCODE_CODE_CACHE_PATH = /home/byeonghyeon/.config/Code/CachedData/3b889b090b5ad5793f524b5d1d39fda662b96a2a
# environment
LANG = C
# environment
XAUTHORITY = /run/user/1000/.mutter-Xwaylandauth.4G1JQ1
# default
.LOADED := 
# default
.INCLUDE_DIRS = /usr/local/include /usr/include /usr/include
# makefile
MAKEFLAGS = pqrR
# makefile
CURDIR := /home/byeonghyeon/xv6-labs-2021
# environment
APPLICATION_INSIGHTS_NO_DIAGNOSTIC_CHANNEL = true
# environment
LESSOPEN = | /usr/bin/lesspipe %s
# automatic
*D = $(patsubst %/,%,$(dir $*))
# environment
MFLAGS = -pqrR
# environment
SSH_AUTH_SOCK = /run/user/1000/keyring/ssh
# default
.SHELLFLAGS := -c
# makefile (from 'Makefile', line 376)
UPSTREAM := my
# environment
WAYLAND_DISPLAY = wayland-0
# environment
XDG_CONFIG_DIRS = /etc/xdg/xdg-ubuntu:/etc/xdg
# automatic
+D = $(patsubst %/,%,$(dir $+))
# environment
XDG_SESSION_DESKTOP = ubuntu
# makefile (from 'user/zombie.d', line 1)
MAKEFILE_LIST := Makefile conf/lab.mk kernel/bio.d kernel/console.d kernel/exec.d kernel/file.d kernel/fs.d kernel/kalloc.d kernel/log.d kernel/main.d kernel/pipe.d kernel/plic.d kernel/printf.d kernel/proc.d kernel/sleeplock.d kernel/spinlock.d kernel/start.d kernel/string.d kernel/syscall.d kernel/sysfile.d kernel/sysproc.d kernel/trap.d kernel/uart.d kernel/virtio_disk.d kernel/vm.d user/cat.d user/echo.d user/forktest.d user/grep.d user/grind.d user/init.d user/initcode.d user/kill.d user/ln.d user/ls.d user/mkdir.d user/pgtbltest.d user/printf.d user/rm.d user/sh.d user/stressfs.d user/ulib.d user/umalloc.d user/usertests.d user/usys.d user/wc.d user/zombie.d
# automatic
@F = $(notdir $@)
# environment
VSCODE_PID = 2879
# environment
XDG_SESSION_TYPE = wayland
# automatic
?D = $(patsubst %/,%,$(dir $?))
# makefile (from 'Makefile', line 290)
FWDPORT = $(shell expr `id -u` % 5000 + 25999)
# makefile (from 'Makefile', line 92)
LABUPPER = $(shell echo $(LAB) | tr a-z A-Z)
# environment
SESSION_MANAGER = local/byeonghyeon-MS-7C82:@/tmp/.ICE-unix/1984,unix/byeonghyeon-MS-7C82:/tmp/.ICE-unix/1984
# automatic
*F = $(notdir $*)
# environment
CHROME_DESKTOP = code-url-handler.desktop
# environment
DBUS_SESSION_BUS_ADDRESS = unix:path=/run/user/1000/bus
# automatic
<D = $(patsubst %/,%,$(dir $<))
# environment
VSCODE_NLS_CONFIG = {"locale":"ko","availableLanguages":{"*":"ko"},"_languagePackId":"2dff5cff996ed6cbe8d8aa8740f86aa0.ko","_translationsConfigFile":"/home/byeonghyeon/.config/Code/clp/2dff5cff996ed6cbe8d8aa8740f86aa0.ko/tcf.json","_cacheRoot":"/home/byeonghyeon/.config/Code/clp/2dff5cff996ed6cbe8d8aa8740f86aa0.ko","_resolvedLanguagePackCoreLocation":"/home/byeonghyeon/.config/Code/clp/2dff5cff996ed6cbe8d8aa8740f86aa0.ko/3b889b090b5ad5793f524b5d1d39fda662b96a2a","_corruptedFile":"/home/byeonghyeon/.config/Code/clp/2dff5cff996ed6cbe8d8aa8740f86aa0.ko/corrupted.info","_languagePackSupport":true}
# default
MAKE_HOST := x86_64-pc-linux-gnu
# makefile (from 'Makefile', line 11)
OBJS = $K/entry.o $K/kalloc.o $K/string.o $K/main.o $K/vm.o $K/proc.o $K/swtch.o $K/trampoline.o $K/trap.o $K/syscall.o $K/sysproc.o $K/bio.o $K/fs.o $K/log.o $K/sleeplock.o $K/file.o $K/pipe.o $K/exec.o $K/sysfile.o $K/kernelvec.o $K/plic.o $K/virtio_disk.o
# environment
GNOME_DESKTOP_SESSION_ID = this-is-deprecated
# makefile (from 'Makefile', line 9)
U = user
# makefile
SHELL = /bin/sh
# default
MAKECMDGOALS := all
# environment
XMODIFIERS = @im=kime
# environment
GJS_DEBUG_TOPICS = JS ERROR;JS LOG
# environment
SHLVL = 0
# environment
MAKELEVEL := 0
# environment
IM_CONFIG_CHECK_ENV = 1
# makefile (from 'Makefile', line 87)
OBJDUMP = $(TOOLPREFIX)objdump
# default
MAKE = $(MAKE_COMMAND)
# makefile (from 'Makefile', line 235)
UPROGS = $U/_cat $U/_echo $U/_forktest $U/_grep $U/_init $U/_kill $U/_ln $U/_ls $U/_mkdir $U/_rm $U/_sh $U/_stressfs $U/_usertests $U/_grind $U/_wc $U/_zombie  $U/_pgtbltest
# environment
PATH = /usr/local/sbin:/usr/local/bin:/usr/sbin:/usr/bin:/sbin:/bin:/usr/games:/usr/local/games:/snap/bin:/snap/bin
# default
MAKEFILES := 
# environment
LANGUAGE = ko:en
# environment
LC_MONETARY = ko_KR.UTF-8
# automatic
^F = $(notdir $^)
# makefile (from 'Makefile', line 35)
OBJS_KCSAN = $K/start.o $K/console.o $K/printf.o $K/uart.o $K/spinlock.o
# environment
LC_TIME = ko_KR.UTF-8
# environment
INVOCATION_ID = a1fb0fffe8a74977b06de4900fb78c5a
# environment
USERNAME = byeonghyeon
# environment
GNOME_SETUP_DISPLAY = :1
# environment
LC_TELEPHONE = ko_KR.UTF-8
# environment
LESSCLOSE = /usr/bin/lesspipe %s %s
# automatic
?F = $(notdir $?)
# environment
GTK_IM_MODULE = kime
# environment
XDG_CURRENT_DESKTOP = Unity
# environment
LS_COLORS = 
# automatic
+F = $(notdir $+)
# environment
DESKTOP_SESSION = ubuntu
# environment
ORIGINAL_XDG_CURRENT_DESKTOP = ubuntu:GNOME
# 'override' directive
GNUMAKEFLAGS := 
# environment
CLUTTER_IM_MODULE = xim
# environment
LOGNAME = byeonghyeon
# environment
GIO_LAUNCHED_DESKTOP_FILE = /usr/share/applications/code.desktop
# makefile
.DEFAULT_GOAL := kernel/kernel
# environment
SYSTEMD_EXEC_PID = 2007
# makefile (from 'Makefile', line 81)
QEMU = qemu-system-riscv64
# environment
DISPLAY = :0
# environment
USER = byeonghyeon
# environment
GTK_MODULES = gail:atk-bridge
# default
MAKE_VERSION := 4.3
# 'override' directive
.SHELLSTATUS := 0
# makefile (from 'Makefile', line 120)
LDFLAGS = -z max-page-size=4096
# environment
MANAGERPID = 1800
# environment
LC_MEASUREMENT = ko_KR.UTF-8
# environment
GIO_LAUNCHED_DESKTOP_FILE_PID = 2879
# environment
_ = /usr/share/code/code
# environment
LC_PAPER = ko_KR.UTF-8
# environment
XDG_RUNTIME_DIR = /run/user/1000
# makefile (from 'Makefile', line 114)
CFLAGS = -Wall -Werror -O -fno-omit-frame-pointer -ggdb $(XCFLAGS) -MD -mcmodel=medany -ffreestanding -fno-common -nostdlib -mno-relax -I. $(shell $(CC) -fno-stack-protector -E -x c /dev/null >/dev/null 2>&1 && echo -fno-stack-protector) -fno-pie -no-pie
# environment
JOURNAL_STREAM = 8:37075
# makefile (from 'Makefile', line 284)
CPUS := 3
# environment
XDG_SESSION_CLASS = user
# environment
VSCODE_AMD_ENTRYPOINT = vs/workbench/api/node/extensionHostProcess
# environment
HOME = /home/byeonghyeon
# environment
QT_IM_MODULE = kime
# makefile (from 'Makefile', line 69)
TOOLPREFIX := riscv64-linux-gnu-
# makefile (from 'Makefile', line 327)
GRADEFLAGS = -v
# environment
ELECTRON_RUN_AS_NODE = 1
# environment
VSCODE_IPC_HOOK = /run/user/1000/vscode-2b023ea6-1.69.2-main.sock
# environment
IM_CONFIG_PHASE = 1
# environment
PAPERSIZE = a4
# default
.RECIPEPREFIX := 
# automatic
<F = $(notdir $<)
# default
SUFFIXES := 
# makefile (from 'Makefile', line 85)
LD = $(TOOLPREFIX)ld
# default
.FEATURES := target-specific order-only second-expansion else-if shortest-stem undefine oneshell nocomment grouped-target extra-prereqs archives jobserver output-sync check-symlink load
# makefile (from 'Makefile', line 294)
QEMUOPTS = -machine virt -bios none -kernel $K/kernel -m 128M -smp $(CPUS) -nographic -drive file=fs.img,if=none,format=raw,id=x0 -device virtio-blk-device,drive=x0,bus=virtio-mmio-bus.0
# makefile (from 'Makefile', line 257)
UEXTRA = 
# makefile (from 'Makefile', line 83)
CC = $(TOOLPREFIX)gcc
# makefile (from 'Makefile', line 86)
OBJCOPY = $(TOOLPREFIX)objcopy
# environment
XDG_MENU_PREFIX = gnome-
# environment
GDMSESSION = ubuntu
# environment
LC_IDENTIFICATION = ko_KR.UTF-8
# variable set hash-table stats:
# Load=135/1024=13%, Rehash=0, Collisions=4/489=1%

# Pattern-specific Variable Values

# No pattern-specific variable values.

# Directories

# kernel (device 2050, inode 11285244): 101 files, no impossibilities.
 
# . (device 2050, inode 11283447): 21 files, no impossibilities.
# user (device 2050, inode 11285293): 123 files, no impossibilities.

# 245 files, no impossibilities in 3 directories.

# Implicit Rules

kernel/%.o: kernel/%.c
#  recipe to execute (from 'Makefile', line 130):
	$(CC) $(CFLAGS) $(EXTRAFLAG) -c -o $@ $<

_%: %.o user/ulib.o user/usys.o user/printf.o user/umalloc.o
#  recipe to execute (from 'Makefile', line 149):
	$(LD) $(LDFLAGS) -N -e main -Ttext 0 -o $@ $^
	$(OBJDUMP) -S $@ > $*.asm
	$(OBJDUMP) -t $@ | sed '1,/SYMBOL TABLE/d; s/ .* / /; /^$$/d' > $*.sym

# 2 implicit rules, 0 (0.0%) terminal.
# Files

user/cat.o: user/cat.c kernel/types.h kernel/stat.h user/user.h
#  Implicit rule search has not been done.
#  Modification time never checked.
#  File has not been updated.

# Not a target:
user/wc.c:
#  Implicit rule search has not been done.
#  Modification time never checked.
#  File has not been updated.

# Not a target:
kernel/virtio_disk.d:
#  Implicit rule search has been done.
#  Last modified 2022-08-05 19:18:30.635130584
#  File has been updated.
#  Successfully updated.

# Not a target:
user/grind.d:
#  Implicit rule search has been done.
#  Last modified 2022-08-05 19:18:31.531108016
#  File has been updated.
#  Successfully updated.

# makefile (from 'Makefile', line 127)
kernel/proc.o: EXTRAFLAG := 
kernel/proc.o: kernel/proc.c kernel/types.h kernel/param.h kernel/memlayout.h kernel/riscv.h kernel/spinlock.h kernel/proc.h kernel/defs.h
#  Implicit rule search has not been done.
#  Modification time never checked.
#  File has not been updated.
# variable set hash-table stats:
# Load=1/32=3%, Rehash=0, Collisions=0/3=0%

# makefile (from 'Makefile', line 127)
kernel/log.o: EXTRAFLAG := 
kernel/log.o: kernel/log.c kernel/types.h kernel/riscv.h kernel/defs.h kernel/param.h kernel/spinlock.h kernel/sleeplock.h kernel/fs.h kernel/buf.h
#  Implicit rule search has not been done.
#  Modification time never checked.
#  File has not been updated.
# variable set hash-table stats:
# Load=1/32=3%, Rehash=0, Collisions=0/3=0%

# Not a target:
user/sh.c:
#  Implicit rule search has not been done.
#  Modification time never checked.
#  File has not been updated.

# Not a target:
kernel/proc.c:
#  Implicit rule search has not been done.
#  Modification time never checked.
#  File has not been updated.

# Not a target:
kernel/string.c:
#  Implicit rule search has not been done.
#  Modification time never checked.
#  File has not been updated.

kernel/printf.o: kernel/printf.c /usr/lib/gcc-cross/riscv64-linux-gnu/11/include/stdarg.h kernel/types.h kernel/param.h kernel/spinlock.h kernel/sleeplock.h kernel/fs.h kernel/file.h kernel/memlayout.h kernel/riscv.h kernel/defs.h kernel/proc.h
#  Implicit rule search has not been done.
#  Modification time never checked.
#  File has not been updated.

# Not a target:
user/rm.d:
#  Implicit rule search has been done.
#  Last modified 2022-08-05 19:18:31.131118087
#  File has been updated.
#  Successfully updated.

# Not a target:
kernel/trap.c:
#  Implicit rule search has not been done.
#  Modification time never checked.
#  File has not been updated.

# Not a target:
kernel/fcntl.h:
#  Implicit rule search has not been done.
#  Modification time never checked.
#  File has not been updated.

user/usertests.o: user/usertests.c kernel/param.h kernel/types.h kernel/stat.h user/user.h kernel/fs.h kernel/fcntl.h kernel/syscall.h kernel/memlayout.h kernel/riscv.h
#  Implicit rule search has not been done.
#  Modification time never checked.
#  File has not been updated.

# Not a target:
kernel/bio.d:
#  Implicit rule search has been done.
#  Last modified 2022-08-05 19:18:30.319138546
#  File has been updated.
#  Successfully updated.

user/wc.o: user/wc.c kernel/types.h kernel/stat.h user/user.h
#  Implicit rule search has not been done.
#  Modification time never checked.
#  File has not been updated.

# Not a target:
kernel/spinlock.c:
#  Implicit rule search has not been done.
#  Modification time never checked.
#  File has not been updated.

kernel/uart.o: kernel/uart.c kernel/types.h kernel/param.h kernel/memlayout.h kernel/riscv.h kernel/spinlock.h kernel/proc.h kernel/defs.h
#  Implicit rule search has not been done.
#  Modification time never checked.
#  File has not been updated.

# Not a target:
kernel/main.c:
#  Implicit rule search has not been done.
#  Modification time never checked.
#  File has not been updated.

# Not a target:
user/grep.d:
#  Implicit rule search has been done.
#  Last modified 2022-08-05 19:18:31.00312131
#  File has been updated.
#  Successfully updated.

# Not a target:
user/_echo:
#  Implicit rule search has not been done.
#  Modification time never checked.
#  File has not been updated.

# Not a target:
user/mkdir.c:
#  Implicit rule search has not been done.
#  Modification time never checked.
#  File has not been updated.

# Not a target:
kernel/virtio.h:
#  Implicit rule search has not been done.
#  Modification time never checked.
#  File has not been updated.

# Not a target:
user/forktest.c:
#  Implicit rule search has not been done.
#  Modification time never checked.
#  File has not been updated.

# Not a target:
user/ln.d:
#  Implicit rule search has been done.
#  Last modified 2022-08-05 19:18:31.063119799
#  File has been updated.
#  Successfully updated.

# Not a target:
user/_kill:
#  Implicit rule search has not been done.
#  Modification time never checked.
#  File has not been updated.

# makefile (from 'Makefile', line 127)
kernel/sysfile.o: EXTRAFLAG := 
kernel/sysfile.o: kernel/sysfile.c kernel/types.h kernel/riscv.h kernel/defs.h kernel/param.h kernel/stat.h kernel/spinlock.h kernel/proc.h kernel/fs.h kernel/sleeplock.h kernel/file.h kernel/fcntl.h
#  Implicit rule search has not been done.
#  Modification time never checked.
#  File has not been updated.
# variable set hash-table stats:
# Load=1/32=3%, Rehash=0, Collisions=0/3=0%

# Not a target:
kernel/exec.d:
#  Implicit rule search has been done.
#  Last modified 2022-08-05 19:18:30.523133406
#  File has been updated.
#  Successfully updated.

# Not a target:
user/usertests.d:
#  Implicit rule search has been done.
#  Last modified 2022-08-05 19:18:31.459109828
#  File has been updated.
#  Successfully updated.

# Not a target:
user/ln.c:
#  Implicit rule search has not been done.
#  Modification time never checked.
#  File has not been updated.

# Not a target:
.gdbinit.tmpl-riscv:
#  Implicit rule search has not been done.
#  Modification time never checked.
#  File has not been updated.

kernel/console.o: kernel/console.c /usr/lib/gcc-cross/riscv64-linux-gnu/11/include/stdarg.h kernel/types.h kernel/param.h kernel/spinlock.h kernel/sleeplock.h kernel/fs.h kernel/file.h kernel/memlayout.h kernel/riscv.h kernel/defs.h kernel/proc.h
#  Implicit rule search has not been done.
#  Modification time never checked.
#  File has not been updated.

user/init.o: user/init.c kernel/types.h kernel/stat.h kernel/spinlock.h kernel/sleeplock.h kernel/fs.h kernel/file.h user/user.h kernel/fcntl.h
 
#  Implicit rule search has not been done.
#  Modification time never checked.
#  File has not been updated.

# Not a target:
kernel/uart.c:
#  Implicit rule search has not been done.
#  Modification time never checked.
#  File has not been updated.

# Not a target:
user/forktest.d:
#  Implicit rule search has been done.
#  Last modified 2022-08-05 19:18:30.975122016
#  File has been updated.
#  Successfully updated.

# Not a target:
kernel/virtio_disk.c:
#  Implicit rule search has not been done.
#  Modification time never checked.
#  File has not been updated.

# Not a target:
kernel/syscall.h:
#  Implicit rule search has not been done.
#  Modification time never checked.
#  File has not been updated.

# Not a target:
user/_stressfs:
#  Implicit rule search has not been done.
#  Modification time never checked.
#  File has not been updated.

user/kill.o: user/kill.c kernel/types.h kernel/stat.h user/user.h
#  Implicit rule search has not been done.
#  Modification time never checked.
#  File has not been updated.

user/initcode.o: user/initcode.S kernel/syscall.h
#  Implicit rule search has not been done.
#  Modification time never checked.
#  File has not been updated.

# makefile (from 'Makefile', line 127)
kernel/trap.o: EXTRAFLAG := 
kernel/trap.o: kernel/trap.c kernel/types.h kernel/param.h kernel/memlayout.h kernel/riscv.h kernel/spinlock.h kernel/proc.h kernel/defs.h
#  Implicit rule search has not been done.
#  Modification time never checked.
#  File has not been updated.
# variable set hash-table stats:
# Load=1/32=3%, Rehash=0, Collisions=0/3=0%

user/initcode: user/initcode.S
#  Implicit rule search has not been done.
#  Modification time never checked.
#  File has not been updated.
#  recipe to execute (from 'Makefile', line 134):
	$(CC) $(CFLAGS) -march=rv64g -nostdinc -I. -Ikernel -c $U/initcode.S -o $U/initcode.o
	$(LD) $(LDFLAGS) -N -e start -Ttext 0 -o $U/initcode.out $U/initcode.o
	$(OBJCOPY) -S -O binary $U/initcode.out $U/initcode
	$(OBJDUMP) -S $U/initcode.o > $U/initcode.asm

.PRECIOUS: %.o
#  Implicit rule search has not been done.
#  Modification time never checked.
#  File has not been updated.

# Not a target:
_init:
#  Implicit rule search has not been done.
#  Modification time never checked.
#  File has not been updated.

user/usys.S: user/usys.pl
#  Implicit rule search has not been done.
#  Modification time never checked.
#  File has not been updated.
#  recipe to execute (from 'Makefile', line 154):
	perl $U/usys.pl > $U/usys.S

# Not a target:
user/_grep:
#  Implicit rule search has not been done.
#  Modification time never checked.
#  File has not been updated.

user/sh.o: user/sh.c kernel/types.h user/user.h kernel/fcntl.h
#  Implicit rule search has not been done.
#  Modification time never checked.
#  File has not been updated.

# Not a target:
user/ls.d:
#  Implicit rule search has been done.
#  Last modified 2022-08-05 19:18:31.091119095
#  File has been updated.
#  Successfully updated.

# Not a target:
Makefile:
#  Implicit rule search has been done.
#  Last modified 2022-08-05 14:29:10.282450347
#  File has been updated.
#  Successfully updated.

# makefile (from 'Makefile', line 127)
kernel/vm.o: EXTRAFLAG := 
kernel/vm.o: kernel/vm.c kernel/param.h kernel/types.h kernel/memlayout.h kernel/elf.h kernel/riscv.h kernel/defs.h kernel/fs.h
#  Implicit rule search has not been done.
#  Modification time never checked.
#  File has not been updated.
# variable set hash-table stats:
# Load=1/32=3%, Rehash=0, Collisions=0/3=0%

# Not a target:
kernel/sleeplock.d:
#  Implicit rule search has been done.
#  Last modified 2022-08-05 19:18:30.439135522
#  File has been updated.
#  Successfully updated.

# Not a target:
user/kill.d:
#  Implicit rule search has been done.
#  Last modified 2022-08-05 19:18:31.043120303
#  File has been updated.
#  Successfully updated.

# Not a target:
kernel/log.d:
#  Implicit rule search has been done.
#  Last modified 2022-08-05 19:18:30.423135926
#  File has been updated.
#  Successfully updated.

# Not a target:
kernel/riscv.h:
#  Implicit rule search has not been done.
#  Modification time never checked.
#  File has not been updated.

# Not a target:
kernel/exec.c:
#  Implicit rule search has not been done.
#  Modification time never checked.
#  File has not been updated.

# Not a target:
kernel/printf.d:
#  Implicit rule search has been done.
#  Last modified 2022-08-05 19:18:30.707128769
#  File has been updated.
 
#  Successfully updated.

fs.img: mkfs/mkfs README user/_cat user/_echo user/_forktest user/_grep user/_init user/_kill user/_ln user/_ls user/_mkdir user/_rm user/_sh user/_stressfs user/_usertests user/_grind user/_wc user/_zombie user/_pgtbltest
#  Implicit rule search has not been done.
#  Modification time never checked.
#  File has not been updated.
#  recipe to execute (from 'Makefile', line 264):
	mkfs/mkfs fs.img README $(UEXTRA) $(UPROGS)

# Not a target:
kernel/proc.h:
#  Implicit rule search has not been done.
#  Modification time never checked.
#  File has not been updated.

# Not a target:
kernel/plic.c:
#  Implicit rule search has not been done.
#  Modification time never checked.
#  File has not been updated.

# Not a target:
kernel/proc.d:
#  Implicit rule search has been done.
#  Last modified 2022-08-05 19:18:30.207141368
#  File has been updated.
#  Successfully updated.

# Not a target:
user/_grind:
#  Implicit rule search has not been done.
#  Modification time never checked.
#  File has not been updated.

# Not a target:
user/pgtbltest.d:
#  Implicit rule search has been done.
#  Last modified 2022-08-05 19:18:31.603106202
#  File has been updated.
#  Successfully updated.

print-gdbport:
#  Implicit rule search has not been done.
#  Modification time never checked.
#  File has not been updated.
#  recipe to execute (from 'Makefile', line 331):
	@echo $(GDBPORT)

# Not a target:
user/cat.c:
#  Implicit rule search has not been done.
#  Modification time never checked.
#  File has not been updated.

kernel/spinlock.o: kernel/spinlock.c kernel/types.h kernel/param.h kernel/memlayout.h kernel/spinlock.h kernel/riscv.h kernel/proc.h kernel/defs.h
#  Implicit rule search has not been done.
#  Modification time never checked.
#  File has not been updated.

user/ln.o: user/ln.c kernel/types.h kernel/stat.h user/user.h
#  Implicit rule search has not been done.
#  Modification time never checked.
#  File has not been updated.

# Not a target:
user/umalloc.d:
#  Implicit rule search has been done.
#  Last modified 2022-08-05 19:18:30.915123527
#  File has been updated.
#  Successfully updated.

# Not a target:
user/_zombie:
#  Implicit rule search has not been done.
#  Modification time never checked.
#  File has not been updated.

clean:
#  Phony target (prerequisite of .PHONY).
#  Implicit rule search has not been done.
#  File does not exist.
#  File has not been updated.
#  recipe to execute (from 'Makefile', line 269):
	rm -f *.tex *.dvi *.idx *.aux *.log *.ind *.ilg \
	*/*.o */*.d */*.asm */*.sym \
	$U/initcode $U/initcode.out $K/kernel fs.img \
	mkfs/mkfs .gdbinit \
        $U/usys.S \
	$(UPROGS) \
	ph barrier

# Not a target:
kernel/log.c:
#  Implicit rule search has not been done.
#  Modification time never checked.
#  File has not been updated.

# Not a target:
kernel/vm.d:
#  Implicit rule search has been done.
#  Last modified 2022-08-05 19:18:30.143142981
#  File has been updated.
#  Successfully updated.

# makefile (from 'Makefile', line 127)
kernel/main.o: EXTRAFLAG := 
kernel/main.o: kernel/main.c kernel/types.h kernel/param.h kernel/memlayout.h kernel/riscv.h kernel/defs.h
#  Implicit rule search has not been done.
#  Modification time never checked.
#  File has not been updated.
# variable set hash-table stats:
# Load=1/32=3%, Rehash=0, Collisions=0/3=0%

# Not a target:
user/rm.c:
#  Implicit rule search has not been done.
#  Modification time never checked.
#  File has not been updated.

# Not a target:
kernel/uart.d:
#  Implicit rule search has been done.
#  Last modified 2022-08-05 19:18:30.727128265
#  File has been updated.
#  Successfully updated.

user/ls.o: user/ls.c kernel/types.h kernel/stat.h user/user.h kernel/fs.h
#  Implicit rule search has not been done.
#  Modification time never checked.
#  File has not been updated.

user/usys.o: user/usys.S user/usys.S kernel/syscall.h
#  Implicit rule search has not been done.
#  Modification time never checked.
#  File has not been updated.
#  recipe to execute (from 'Makefile', line 157):
	$(CC) $(CFLAGS) -c -o $U/usys.o $U/usys.S

# Not a target:
kernel/start.c:
#  Implicit rule search has not been done.
#  Modification time never checked.
#  File has not been updated.

handin-check:
 
#  Phony target (prerequisite of .PHONY).
#  Implicit rule search has not been done.
#  File does not exist.
#  File has not been updated.
#  recipe to execute (from 'Makefile', line 355):
	@if ! test -d .git; then \
		echo No .git directory, is this a git repository?; \
		false; \
	fi
	@if test "$$(git symbolic-ref HEAD)" != refs/heads/$(LAB); then \
		git branch; \
		read -p "You are not on the $(LAB) branch.  Hand-in the current branch? [y/N] " r; \
		test "$$r" = y; \
	fi
	@if ! git diff-files --quiet || ! git diff-index --quiet --cached HEAD; then \
		git status -s; \
		echo; \
		echo "You have uncomitted changes.  Please commit or stash them."; \
		false; \
	fi
	@if test -n "`git status -s`"; then \
		git status -s; \
		read -p "Untracked files will not be handed in.  Continue? [y/N] " r; \
		test "$$r" = y; \
	fi

# makefile (from 'Makefile', line 127)
kernel/fs.o: EXTRAFLAG := 
kernel/fs.o: kernel/fs.c kernel/types.h kernel/riscv.h kernel/defs.h kernel/param.h kernel/stat.h kernel/spinlock.h kernel/proc.h kernel/sleeplock.h kernel/fs.h kernel/buf.h kernel/file.h
#  Implicit rule search has not been done.
#  Modification time never checked.
#  File has not been updated.
# variable set hash-table stats:
# Load=1/32=3%, Rehash=0, Collisions=0/3=0%

mkfs/mkfs: mkfs/mkfs.c kernel/fs.h kernel/param.h
#  Implicit rule search has not been done.
#  Modification time never checked.
#  File has not been updated.
#  recipe to execute (from 'Makefile', line 166):
	gcc $(XCFLAGS) -Werror -Wall -I. -o mkfs/mkfs mkfs/mkfs.c

grade:
#  Phony target (prerequisite of .PHONY).
#  Implicit rule search has not been done.
#  File does not exist.
#  File has not been updated.
#  recipe to execute (from 'Makefile', line 334):
	@echo $(MAKE) clean
	@$(MAKE) clean || \
          (echo "'make clean' failed.  HINT: Do you have another running instance of xv6?" && exit 1)
	./grade-lab-$(LAB) $(GRADEFLAGS)

user/rm.o: user/rm.c kernel/types.h kernel/stat.h user/user.h
#  Implicit rule search has not been done.
#  Modification time never checked.
#  File has not been updated.

kernel/start.o: kernel/start.c kernel/types.h kernel/param.h kernel/memlayout.h kernel/riscv.h kernel/defs.h
#  Implicit rule search has not been done.
#  Modification time never checked.
#  File has not been updated.

# makefile (from 'Makefile', line 127)
kernel/virtio_disk.o: EXTRAFLAG := 
kernel/virtio_disk.o: kernel/virtio_disk.c kernel/types.h kernel/riscv.h kernel/defs.h kernel/param.h kernel/memlayout.h kernel/spinlock.h kernel/sleeplock.h kernel/fs.h kernel/buf.h kernel/virtio.h
#  Implicit rule search has not been done.
#  Modification time never checked.
#  File has not been updated.
# variable set hash-table stats:
# Load=1/32=3%, Rehash=0, Collisions=0/3=0%

# Not a target:
user/ls.c:
#  Implicit rule search has not been done.
#  Modification time never checked.
#  File has not been updated.

# Not a target:
user/stressfs.d:
#  Implicit rule search has been done.
#  Last modified 2022-08-05 19:18:31.215115973
#  File has been updated.
#  Successfully updated.

# Not a target:
kernel/sysfile.c:
#  Implicit rule search has not been done.
#  Modification time never checked.
#  File has not been updated.

# Not a target:
kernel/string.d:
#  Implicit rule search has been done.
#  Last modified 2022-08-05 19:18:30.071144796
#  File has been updated.
#  Successfully updated.

# Not a target:
kernel/types.h:
#  Implicit rule search has not been done.
#  Modification time never checked.
#  File has not been updated.

# Not a target:
user/init.c:
#  Implicit rule search has not been done.
#  Modification time never checked.
#  File has not been updated.

# makefile (from 'Makefile', line 127)
kernel/plic.o: EXTRAFLAG := 
kernel/plic.o: kernel/plic.c kernel/types.h kernel/param.h kernel/memlayout.h kernel/riscv.h kernel/defs.h
#  Implicit rule search has not been done.
#  Modification time never checked.
#  File has not been updated.
# variable set hash-table stats:
# Load=1/32=3%, Rehash=0, Collisions=0/3=0%

# Not a target:
user/_pgtbltest:
#  Implicit rule search has not been done.
#  Modification time never checked.
#  File has not been updated.

user/echo.o: user/echo.c kernel/types.h kernel/stat.h user/user.h
#  Implicit rule search has not been done.
#  Modification time never checked.
#  File has not been updated.

# Not a target:
kernel/pipe.c:
#  Implicit rule search has not been done.
#  Modification time never checked.
#  File has not been updated.

# Not a target:
kernel/sysproc.d:
#  Implicit rule search has been done.
#  Last modified 2022-08-05 19:19:43.573340745
#  File has been updated.
#  Successfully updated.

# Not a target:
kernel/kernel.ld:
#  Implicit rule search has not been done.
#  Modification time never checked.
#  File has not been updated.

user/printf.o: user/printf.c kernel/types.h kernel/stat.h user/user.h /usr/lib/gcc-cross/riscv64-linux-gnu/11/include/stdarg.h
#  Implicit rule search has not been done.
#  Modification time never checked.
#  File has not been updated.

myapi.key:
#  Implicit rule search has not been done.
#  Modification time never checked.
#  File has not been updated.
#  recipe to execute (from 'Makefile', line 391):
	@echo Get an API key for yourself by visiting $(WEBSUB)/
 
	@read -p "Please enter your API key: " k; \
	if test `echo "$$k" |tr -d '\n' |wc -c` = 32 ; then \
		TF=`mktemp -t tmp.XXXXXX`; \
		if test "x$$TF" != "x" ; then \
			echo "$$k" |tr -d '\n' > $$TF; \
			mv -f $$TF $@; \
		else \
			echo mktemp failed; \
			false; \
		fi; \
	else \
		echo Bad API key: $$k; \
		echo An API key should be 32 characters long.; \
		false; \
	fi;

# makefile (from 'Makefile', line 127)
kernel/entry.o: EXTRAFLAG := 
# Not a target:
kernel/entry.o:
#  Implicit rule search has not been done.
#  Modification time never checked.
#  File has not been updated.
# variable set hash-table stats:
# Load=1/32=3%, Rehash=0, Collisions=0/3=0%

# makefile (from 'Makefile', line 127)
kernel/pipe.o: EXTRAFLAG := 
kernel/pipe.o: kernel/pipe.c kernel/types.h kernel/riscv.h kernel/defs.h kernel/param.h kernel/spinlock.h kernel/proc.h kernel/fs.h kernel/sleeplock.h kernel/file.h
#  Implicit rule search has not been done.
#  Modification time never checked.
#  File has not been updated.
# variable set hash-table stats:
# Load=1/32=3%, Rehash=0, Collisions=0/3=0%

# Not a target:
kernel/param.h:
#  Implicit rule search has not been done.
#  Modification time never checked.
#  File has not been updated.

# Not a target:
user/_ls:
#  Implicit rule search has not been done.
#  Modification time never checked.
#  File has not been updated.

# Not a target:
kernel/spinlock.h:
#  Implicit rule search has not been done.
#  Modification time never checked.
#  File has not been updated.

# makefile (from 'Makefile', line 127)
kernel/kalloc.o: EXTRAFLAG := 
kernel/kalloc.o: kernel/kalloc.c kernel/types.h kernel/param.h kernel/memlayout.h kernel/spinlock.h kernel/riscv.h kernel/defs.h
#  Implicit rule search has not been done.
#  Modification time never checked.
#  File has not been updated.
# variable set hash-table stats:
# Load=1/32=3%, Rehash=0, Collisions=0/3=0%

# Not a target:
user/usys.d:
#  Implicit rule search has been done.
#  Last modified 2022-08-05 19:18:30.871124636
#  File has been updated.
#  Successfully updated.

# Not a target:
kernel/kalloc.d:
#  Implicit rule search has been done.
#  Last modified 2022-08-05 19:18:30.0431455
#  File has been updated.
#  Successfully updated.

# Not a target:
user/grind.c:
#  Implicit rule search has not been done.
#  Modification time never checked.
#  File has not been updated.

user/grind.o: user/grind.c kernel/param.h kernel/types.h kernel/stat.h user/user.h kernel/fs.h kernel/fcntl.h kernel/syscall.h kernel/memlayout.h kernel/riscv.h
#  Implicit rule search has not been done.
#  Modification time never checked.
#  File has not been updated.

# Not a target:
kernel/bio.c:
#  Implicit rule search has not been done.
#  Modification time never checked.
#  File has not been updated.

# Not a target:
kernel/fs.d:
#  Implicit rule search has been done.
#  Last modified 2022-08-05 19:18:30.391136732
#  File has been updated.
#  Successfully updated.

# Not a target:
user/_usertests:
#  Implicit rule search has not been done.
#  Modification time never checked.
#  File has not been updated.

# Not a target:
user/echo.d:
#  Implicit rule search has been done.
#  Last modified 2022-08-05 19:18:30.95112262
#  File has been updated.
#  Successfully updated.

# Not a target:
/usr/lib/gcc-cross/riscv64-linux-gnu/11/include/stdarg.h:
#  Implicit rule search has not been done.
#  Modification time never checked.
#  File has not been updated.

# makefile (from 'Makefile', line 127)
kernel/bio.o: EXTRAFLAG := 
kernel/bio.o: kernel/bio.c kernel/types.h kernel/param.h kernel/spinlock.h kernel/sleeplock.h kernel/riscv.h kernel/defs.h kernel/fs.h kernel/buf.h
#  Implicit rule search has not been done.
#  Modification time never checked.
#  File has not been updated.
# variable set hash-table stats:
# Load=1/32=3%, Rehash=0, Collisions=0/3=0%

# Not a target:
.DEFAULT:
#  Implicit rule search has not been done.
#  Modification time never checked.
#  File has not been updated.

# Not a target:
kernel/kalloc.c:
#  Implicit rule search has not been done.
#  Modification time never checked.
#  File has not been updated.

# makefile (from 'Makefile', line 127)
kernel/trampoline.o: EXTRAFLAG := 
# Not a target:
kernel/trampoline.o:
#  Implicit rule search has not been done.
#  Modification time never checked.
#  File has not been updated.
# variable set hash-table stats:
# Load=1/32=3%, Rehash=0, Collisions=0/3=0%

# Not a target:
user/cat.d:
#  Implicit rule search has been done.
 
#  Last modified 2022-08-05 19:18:30.931123125
#  File has been updated.
#  Successfully updated.

user/forktest.o: user/forktest.c kernel/types.h kernel/stat.h user/user.h
#  Implicit rule search has not been done.
#  Modification time never checked.
#  File has not been updated.

# Not a target:
all:
#  Command line target.
#  Implicit rule search has been done.
#  File does not exist.
#  File has not been updated.

# Not a target:
kernel/file.h:
#  Implicit rule search has not been done.
#  Modification time never checked.
#  File has not been updated.

# Not a target:
kernel/vm.c:
#  Implicit rule search has not been done.
#  Modification time never checked.
#  File has not been updated.

# Not a target:
kernel/trap.d:
#  Implicit rule search has been done.
#  Last modified 2022-08-05 19:18:30.247140361
#  File has been updated.
#  Successfully updated.

user/stressfs.o: user/stressfs.c kernel/types.h kernel/stat.h user/user.h kernel/fs.h kernel/fcntl.h
#  Implicit rule search has not been done.
#  Modification time never checked.
#  File has not been updated.

# Not a target:
user/init.d:
#  Implicit rule search has been done.
#  Last modified 2022-08-05 19:18:31.023120807
#  File has been updated.
#  Successfully updated.

# Not a target:
user/ulib.d:
#  Implicit rule search has been done.
#  Last modified 2022-08-05 19:18:30.859124938
#  File has been updated.
#  Successfully updated.

# Not a target:
user/umalloc.c:
#  Implicit rule search has not been done.
#  Modification time never checked.
#  File has not been updated.

# Not a target:
user/usys.pl:
#  Implicit rule search has not been done.
#  Modification time never checked.
#  File has not been updated.

# Not a target:
user/zombie.d:
#  Implicit rule search has been done.
#  Last modified 2022-08-05 19:18:31.579106807
#  File has been updated.
#  Successfully updated.

# Not a target:
kernel/pipe.d:
#  Implicit rule search has been done.
#  Last modified 2022-08-05 19:18:30.495134111
#  File has been updated.
#  Successfully updated.

# Not a target:
kernel/fs.c:
#  Implicit rule search has not been done.
#  Modification time never checked.
#  File has not been updated.

# Not a target:
kernel/file.d:
#  Implicit rule search has been done.
#  Last modified 2022-08-05 19:18:30.471134715
#  File has been updated.
#  Successfully updated.

# Not a target:
user/initcode.S:
#  Implicit rule search has not been done.
#  Modification time never checked.
#  File has not been updated.

# Not a target:
user/zombie.c:
#  Implicit rule search has not been done.
#  Modification time never checked.
#  File has not been updated.

user/ulib.o: user/ulib.c kernel/types.h kernel/stat.h kernel/fcntl.h kernel/riscv.h kernel/memlayout.h user/user.h
#  Implicit rule search has not been done.
#  Modification time never checked.
#  File has not been updated.

handin: tarball-pref myapi.key
#  Phony target (prerequisite of .PHONY).
#  Implicit rule search has not been done.
#  File does not exist.
#  File has not been updated.
#  recipe to execute (from 'Makefile', line 347):
	@SUF=$(LAB); \
	curl -f -F file=@lab-$$SUF-handin.tar.gz -F key=\<myapi.key $(WEBSUB)/upload \
	    > /dev/null || { \
		echo ; \
		echo Submit seems to have failed.; \
		echo Please go to $(WEBSUB)/ and upload the tarball manually.; }

# Not a target:
kernel/buf.h:
#  Implicit rule search has not been done.
#  Modification time never checked.
#  File has not been updated.

# Not a target:
user/stressfs.c:
#  Implicit rule search has not been done.
#  Modification time never checked.
#  File has not been updated.

# makefile (from 'Makefile', line 127)
kernel/syscall.o: EXTRAFLAG := 
 
kernel/syscall.o: kernel/syscall.c kernel/types.h kernel/param.h kernel/memlayout.h kernel/riscv.h kernel/spinlock.h kernel/proc.h kernel/syscall.h kernel/defs.h
#  Implicit rule search has not been done.
#  Modification time never checked.
#  File has not been updated.
# variable set hash-table stats:
# Load=1/32=3%, Rehash=0, Collisions=0/3=0%

# Not a target:
kernel/fs.h:
#  Implicit rule search has not been done.
#  Modification time never checked.
#  File has not been updated.

# makefile (from 'Makefile', line 127)
kernel/exec.o: EXTRAFLAG := 
kernel/exec.o: kernel/exec.c kernel/types.h kernel/param.h kernel/memlayout.h kernel/riscv.h kernel/spinlock.h kernel/proc.h kernel/defs.h kernel/elf.h
#  Implicit rule search has not been done.
#  Modification time never checked.
#  File has not been updated.
# variable set hash-table stats:
# Load=1/32=3%, Rehash=0, Collisions=0/3=0%

user/mkdir.o: user/mkdir.c kernel/types.h kernel/stat.h user/user.h
#  Implicit rule search has not been done.
#  Modification time never checked.
#  File has not been updated.

# makefile (from 'Makefile', line 127)
kernel/string.o: EXTRAFLAG := 
kernel/string.o: kernel/string.c kernel/types.h
#  Implicit rule search has not been done.
#  Modification time never checked.
#  File has not been updated.
# variable set hash-table stats:
# Load=1/32=3%, Rehash=0, Collisions=0/3=0%

# Not a target:
user/_cat:
#  Implicit rule search has not been done.
#  Modification time never checked.
#  File has not been updated.

# Not a target:
user/pgtbltest.c:
#  Implicit rule search has not been done.
#  Modification time never checked.
#  File has not been updated.

# makefile (from 'Makefile', line 127)
kernel/sleeplock.o: EXTRAFLAG := 
kernel/sleeplock.o: kernel/sleeplock.c kernel/types.h kernel/riscv.h kernel/defs.h kernel/param.h kernel/memlayout.h kernel/spinlock.h kernel/proc.h kernel/sleeplock.h
#  Implicit rule search has not been done.
#  Modification time never checked.
#  File has not been updated.
# variable set hash-table stats:
# Load=1/32=3%, Rehash=0, Collisions=0/3=0%

# Not a target:
mkfs/mkfs.c:
#  Implicit rule search has not been done.
#  Modification time never checked.
#  File has not been updated.

# Not a target:
kernel/spinlock.d:
#  Implicit rule search has been done.
#  Last modified 2022-08-05 19:18:30.75112766
#  File has been updated.
#  Successfully updated.

# Not a target:
kernel/date.h:
#  Implicit rule search has not been done.
#  Modification time never checked.
#  File has not been updated.

qemu: kernel/kernel fs.img
#  Implicit rule search has not been done.
#  Modification time never checked.
#  File has not been updated.
#  recipe to execute (from 'Makefile', line 302):
	$(QEMU) $(QEMUOPTS)

tarball: handin-check
#  Phony target (prerequisite of .PHONY).
#  Implicit rule search has not been done.
#  File does not exist.
#  File has not been updated.
#  recipe to execute (from 'Makefile', line 379):
	git archive --format=tar HEAD | gzip > lab-$(LAB)-handin.tar.gz

# Not a target:
user/_wc:
#  Implicit rule search has not been done.
#  Modification time never checked.
#  File has not been updated.

user/pgtbltest.o: user/pgtbltest.c kernel/param.h kernel/fcntl.h kernel/types.h kernel/riscv.h user/user.h
#  Implicit rule search has not been done.
#  Modification time never checked.
#  File has not been updated.

# Not a target:
%.o:
#  Precious file (prerequisite of .PRECIOUS).
#  Implicit rule search has not been done.
#  Modification time never checked.
#  File has not been updated.

# Not a target:
user/initcode.d:
#  Implicit rule search has been done.
#  Last modified 2022-08-05 19:18:30.759127458
#  File has been updated.
#  Successfully updated.

# Not a target:
kernel/plic.d:
#  Implicit rule search has been done.
#  Last modified 2022-08-05 19:18:30.603131389
#  File has been updated.
#  Successfully updated.

# Not a target:
user/printf.d:
#  Implicit rule search has been done.
#  Last modified 2022-08-05 19:18:30.895124031
#  File has been updated.
#  Successfully updated.

# makefile (from 'Makefile', line 127)
kernel/kernelvec.o: EXTRAFLAG := 
# Not a target:
kernel/kernelvec.o:
#  Implicit rule search has not been done.
#  Modification time never checked.
#  File has not been updated.
# variable set hash-table stats:
# Load=1/32=3%, Rehash=0, Collisions=0/3=0%

# Not a target:
kernel/stat.h:
#  Implicit rule search has not been done.
#  Modification time never checked.
#  File has not been updated.

# Not a target:
user/_rm:
#  Implicit rule search has not been done.
#  Modification time never checked.
 
#  File has not been updated.

# Not a target:
kernel/sysfile.d:
#  Implicit rule search has been done.
#  Last modified 2022-08-05 19:18:30.579131995
#  File has been updated.
#  Successfully updated.

# Not a target:
conf/lab.mk:
#  Implicit rule search has been done.
#  Last modified 2022-08-05 14:29:10.282450347
#  File has been updated.
#  Successfully updated.

# Not a target:
user/_sh:
#  Implicit rule search has not been done.
#  Modification time never checked.
#  File has not been updated.

# Not a target:
kernel/syscall.d:
#  Implicit rule search has been done.
#  Last modified 2022-08-05 19:18:30.267139856
#  File has been updated.
#  Successfully updated.

kernel/kernel: kernel/entry.o kernel/kalloc.o kernel/string.o kernel/main.o kernel/vm.o kernel/proc.o kernel/swtch.o kernel/trampoline.o kernel/trap.o kernel/syscall.o kernel/sysproc.o kernel/bio.o kernel/fs.o kernel/log.o kernel/sleeplock.o kernel/file.o kernel/pipe.o kernel/exec.o kernel/sysfile.o kernel/kernelvec.o kernel/plic.o kernel/virtio_disk.o kernel/start.o kernel/console.o kernel/printf.o kernel/uart.o kernel/spinlock.o kernel/kernel.ld user/initcode
#  Implicit rule search has not been done.
#  Modification time never checked.
#  File has not been updated.
#  recipe to execute (from 'Makefile', line 123):
	$(LD) $(LDFLAGS) -T $K/kernel.ld -o $K/kernel $(OBJS) $(OBJS_KCSAN)
	$(OBJDUMP) -S $K/kernel > $K/kernel.asm
	$(OBJDUMP) -t $K/kernel | sed '1,/SYMBOL TABLE/d; s/ .* / /; /^$$/d' > $K/kernel.sym

user/umalloc.o: user/umalloc.c kernel/types.h kernel/stat.h user/user.h kernel/param.h
#  Implicit rule search has not been done.
#  Modification time never checked.
#  File has not been updated.

qemu-gdb: kernel/kernel .gdbinit fs.img
#  Implicit rule search has not been done.
#  Modification time never checked.
#  File has not been updated.
#  recipe to execute (from 'Makefile', line 308):
	@echo "*** Now run 'gdb' in another window." 1>&2
	$(QEMU) $(QEMUOPTS) -S $(QEMUGDB)

# Not a target:
kernel/defs.h:
#  Implicit rule search has not been done.
#  Modification time never checked.
#  File has not been updated.

# Not a target:
kernel/start.d:
#  Implicit rule search has been done.
#  Last modified 2022-08-05 19:18:30.65513008
#  File has been updated.
#  Successfully updated.

# Not a target:
kernel/elf.h:
#  Implicit rule search has not been done.
#  Modification time never checked.
#  File has not been updated.

# Not a target:
user/kill.c:
#  Implicit rule search has not been done.
#  Modification time never checked.
#  File has not been updated.

# Not a target:
user/echo.c:
#  Implicit rule search has not been done.
#  Modification time never checked.
#  File has not been updated.

user/grep.o: user/grep.c kernel/types.h kernel/stat.h user/user.h
#  Implicit rule search has not been done.
#  Modification time never checked.
#  File has not been updated.

# Not a target:
kernel/syscall.c:
#  Implicit rule search has not been done.
#  Modification time never checked.
#  File has not been updated.

# Not a target:
user/printf.c:
#  Implicit rule search has not been done.
#  Modification time never checked.
#  File has not been updated.

# Not a target:
kernel/file.c:
#  Implicit rule search has not been done.
#  Modification time never checked.
#  File has not been updated.

# Not a target:
user/user.h:
#  Implicit rule search has not been done.
#  Modification time never checked.
#  File has not been updated.

# Not a target:
user/_ln:
#  Implicit rule search has not been done.
#  Modification time never checked.
#  File has not been updated.

# Not a target:
user/usertests.c:
#  Implicit rule search has not been done.
#  Modification time never checked.
#  File has not been updated.

# Not a target:
user/_mkdir:
#  Implicit rule search has not been done.
#  Modification time never checked.
#  File has not been updated.

# Not a target:
kernel/printf.c:
#  Implicit rule search has not been done.
#  Modification time never checked.
#  File has not been updated.

# Not a target:
user/ulib.c:
#  Implicit rule search has not been done.
#  Modification time never checked.
#  File has not been updated.

# Not a target:
user/sh.d:
 
#  Implicit rule search has been done.
#  Last modified 2022-08-05 19:18:31.187116677
#  File has been updated.
#  Successfully updated.

# Not a target:
user/_init:
#  Implicit rule search has not been done.
#  Modification time never checked.
#  File has not been updated.

# Not a target:
kernel/sleeplock.c:
#  Implicit rule search has not been done.
#  Modification time never checked.
#  File has not been updated.

# Not a target:
user/mkdir.d:
#  Implicit rule search has been done.
#  Last modified 2022-08-05 19:18:31.11111859
#  File has been updated.
#  Successfully updated.

.PHONY: handin tarball tarball-pref clean grade handin-check
#  Implicit rule search has not been done.
#  Modification time never checked.
#  File has not been updated.

# Not a target:
kernel/console.d:
#  Implicit rule search has been done.
#  Last modified 2022-08-05 19:18:30.679129475
#  File has been updated.
#  Successfully updated.

# Not a target:
kernel/memlayout.h:
#  Implicit rule search has not been done.
#  Modification time never checked.
#  File has not been updated.

# Not a target:
README:
#  Implicit rule search has not been done.
#  Modification time never checked.
#  File has not been updated.

tarball-pref: handin-check
#  Phony target (prerequisite of .PHONY).
#  Implicit rule search has not been done.
#  File does not exist.
#  File has not been updated.
#  recipe to execute (from 'Makefile', line 382):
	@SUF=$(LAB); \
	git archive --format=tar HEAD > lab-$$SUF-handin.tar; \
	git diff $(UPSTREAM)/$(LAB) > /tmp/lab-$$SUF-diff.patch; \
	tar -rf lab-$$SUF-handin.tar /tmp/lab-$$SUF-diff.patch; \
	gzip -c lab-$$SUF-handin.tar > lab-$$SUF-handin.tar.gz; \
	rm lab-$$SUF-handin.tar; \
	rm /tmp/lab-$$SUF-diff.patch; \


# Not a target:
kernel/console.c:
#  Implicit rule search has not been done.
#  Modification time never checked.
#  File has not been updated.

user/_forktest: user/forktest.o user/ulib.o user/usys.o user/printf.o user/umalloc.o
#  Implicit rule search has not been done.
#  Modification time never checked.
#  File has not been updated.
#  recipe to execute (from 'Makefile', line 160):
	# forktest has less library code linked in - needs to be small
	# in order to be able to max out the proc table.
	$(LD) $(LDFLAGS) -N -e main -Ttext 0 -o $U/_forktest $U/forktest.o $U/ulib.o $U/usys.o
	$(OBJDUMP) -S $U/_forktest > $U/forktest.asm

# Not a target:
kernel/sleeplock.h:
#  Implicit rule search has not been done.
#  Modification time never checked.
#  File has not been updated.

tags: kernel/entry.o kernel/kalloc.o kernel/string.o kernel/main.o kernel/vm.o kernel/proc.o kernel/swtch.o kernel/trampoline.o kernel/trap.o kernel/syscall.o kernel/sysproc.o kernel/bio.o kernel/fs.o kernel/log.o kernel/sleeplock.o kernel/file.o kernel/pipe.o kernel/exec.o kernel/sysfile.o kernel/kernelvec.o kernel/plic.o kernel/virtio_disk.o _init
#  Implicit rule search has not been done.
#  Modification time never checked.
#  File has not been updated.
#  recipe to execute (from 'Makefile', line 140):
	etags *.S *.c

# makefile (from 'Makefile', line 127)
kernel/sysproc.o: EXTRAFLAG := 
kernel/sysproc.o: kernel/sysproc.c kernel/types.h kernel/riscv.h kernel/param.h kernel/defs.h kernel/date.h kernel/memlayout.h kernel/spinlock.h kernel/proc.h
#  Implicit rule search has not been done.
#  Modification time never checked.
#  File has not been updated.
# variable set hash-table stats:
# Load=1/32=3%, Rehash=0, Collisions=0/3=0%

# makefile (from 'Makefile', line 127)
kernel/swtch.o: EXTRAFLAG := 
# Not a target:
kernel/swtch.o:
#  Implicit rule search has not been done.
#  Modification time never checked.
#  File has not been updated.
# variable set hash-table stats:
# Load=1/32=3%, Rehash=0, Collisions=0/3=0%

# Not a target:
user/grep.c:
 
#  Implicit rule search has not been done.
#  Modification time never checked.
#  File has not been updated.

# Not a target:
kernel/sysproc.c:
#  Implicit rule search has not been done.
#  Modification time never checked.
#  File has not been updated.

# Not a target:
kernel/main.d:
#  Implicit rule search has been done.
#  Last modified 2022-08-05 19:18:30.087144392
#  File has been updated.
#  Successfully updated.

# Not a target:
user/wc.d:
#  Implicit rule search has been done.
#  Last modified 2022-08-05 19:18:31.55910731
#  File has been updated.
#  Successfully updated.

.gdbinit: .gdbinit.tmpl-riscv
#  Implicit rule search has not been done.
#  Modification time never checked.
#  File has not been updated.
#  recipe to execute (from 'Makefile', line 305):
	sed "s/:1234/:$(GDBPORT)/" < $^ > $@

user/zombie.o: user/zombie.c kernel/types.h kernel/stat.h user/user.h
#  Implicit rule search has not been done.
#  Modification time never checked.
#  File has not been updated.

# makefile (from 'Makefile', line 127)
kernel/file.o: EXTRAFLAG := 
kernel/file.o: kernel/file.c kernel/types.h kernel/riscv.h kernel/defs.h kernel/param.h kernel/fs.h kernel/spinlock.h kernel/sleeplock.h kernel/file.h kernel/stat.h kernel/proc.h
#  Implicit rule search has not been done.
#  Modification time never checked.
#  File has not been updated.
# variable set hash-table stats:
# Load=1/32=3%, Rehash=0, Collisions=0/3=0%

# files hash-table stats:
# Load=205/1024=20%, Rehash=0, Collisions=65/725=9%
# VPATH Search Paths

# No 'vpath' search paths.

# No general ('VPATH' variable) search path.

# strcache buffers: 1 (0) / strings = 442 / storage = 4787 B / avg = 10 B
# current buf: size = 8162 B / used = 4787 B / count = 442 / avg = 10 B

# strcache performance: lookups = 921 / hit rate = 52%
# hash-table stats:
# Load=442/8192=5%, Rehash=0, Collisions=23/921=2%
# Finished Make data base on Mon Aug  8 18:48:29 2022

 
